
--- 2024-07-16T13:13:34.776Z debug
🪵  Writing logs to "/home/rudix/.config/.wrangler/logs/wrangler-2024-07-16_13-13-33_958.log"
---

--- 2024-07-16T13:13:34.776Z debug
No experimental flag store instantiated
---

--- 2024-07-16T13:13:34.777Z debug
Attempted to use flag "JSON_CONFIG_FILE" which has not been instantiated
---

--- 2024-07-16T13:13:34.788Z debug
Failed to load .env file "/home/rudix/Desktop/monext/apps/userz/.dev.vars": Error: ENOENT: no such file or directory, open '/home/rudix/Desktop/monext/apps/userz/.dev.vars'
    at Object.openSync (node:fs:596:3)
    at Object.readFileSync (node:fs:464:35)
    at tryLoadDotEnv (/home/rudix/Desktop/monext/node_modules/.pnpm/wrangler@3.64.0_@cloudflare+workers-types@4.20240712.0/node_modules/wrangler/wrangler-dist/cli.js:159217:72)
    at loadDotEnv (/home/rudix/Desktop/monext/node_modules/.pnpm/wrangler@3.64.0_@cloudflare+workers-types@4.20240712.0/node_modules/wrangler/wrangler-dist/cli.js:159226:12)
    at getVarsForDev (/home/rudix/Desktop/monext/node_modules/.pnpm/wrangler@3.64.0_@cloudflare+workers-types@4.20240712.0/node_modules/wrangler/wrangler-dist/cli.js:198977:18)
    at getBindings (/home/rudix/Desktop/monext/node_modules/.pnpm/wrangler@3.64.0_@cloudflare+workers-types@4.20240712.0/node_modules/wrangler/wrangler-dist/cli.js:208620:10)
    at getMiniflareOptionsFromConfig (/home/rudix/Desktop/monext/node_modules/.pnpm/wrangler@3.64.0_@cloudflare+workers-types@4.20240712.0/node_modules/wrangler/wrangler-dist/cli.js:210630:20)
    at /home/rudix/Desktop/monext/node_modules/.pnpm/wrangler@3.64.0_@cloudflare+workers-types@4.20240712.0/node_modules/wrangler/wrangler-dist/cli.js:210606:11
    at AsyncLocalStorage.run (node:async_hooks:338:14)
    at run (/home/rudix/Desktop/monext/node_modules/.pnpm/wrangler@3.64.0_@cloudflare+workers-types@4.20240712.0/node_modules/wrangler/wrangler-dist/cli.js:152656:60) {
  errno: -2,
  syscall: 'open',
  code: 'ENOENT',
  path: '/home/rudix/Desktop/monext/apps/userz/.dev.vars'
}
---

--- 2024-07-16T13:13:35.202Z debug
Failed to load .env file "/home/rudix/Desktop/monext/apps/userz/.dev.vars": Error: ENOENT: no such file or directory, open '/home/rudix/Desktop/monext/apps/userz/.dev.vars'
    at Object.openSync (node:fs:596:3)
    at Object.readFileSync (node:fs:464:35)
    at tryLoadDotEnv (/home/rudix/Desktop/monext/node_modules/.pnpm/wrangler@3.64.0_@cloudflare+workers-types@4.20240712.0/node_modules/wrangler/wrangler-dist/cli.js:159217:72)
    at loadDotEnv (/home/rudix/Desktop/monext/node_modules/.pnpm/wrangler@3.64.0_@cloudflare+workers-types@4.20240712.0/node_modules/wrangler/wrangler-dist/cli.js:159226:12)
    at getVarsForDev (/home/rudix/Desktop/monext/node_modules/.pnpm/wrangler@3.64.0_@cloudflare+workers-types@4.20240712.0/node_modules/wrangler/wrangler-dist/cli.js:198977:18)
    at getPlatformProxy (/home/rudix/Desktop/monext/node_modules/.pnpm/wrangler@3.64.0_@cloudflare+workers-types@4.20240712.0/node_modules/wrangler/wrangler-dist/cli.js:210614:16)
    at process.processTicksAndRejections (node:internal/process/task_queues:95:5)
    at async astro:server:setup (file:///home/rudix/Desktop/monext/node_modules/.pnpm/@astrojs+cloudflare@11.0.1_astro@4.11.5_@types+node@20.14.10_sass@1.77.8_terser@5.31.2_typescript@5.5.3_/node_modules/@astrojs/cloudflare/dist/index.js:88:43)
    at async withTakingALongTimeMsg (file:///home/rudix/Desktop/monext/node_modules/.pnpm/astro@4.11.5_@types+node@20.14.10_sass@1.77.8_terser@5.31.2_typescript@5.5.3/node_modules/astro/dist/integrations/hooks.js:23:18)
    at async runHookServerSetup (file:///home/rudix/Desktop/monext/node_modules/.pnpm/astro@4.11.5_@types+node@20.14.10_sass@1.77.8_terser@5.31.2_typescript@5.5.3/node_modules/astro/dist/integrations/hooks.js:258:7) {
  errno: -2,
  syscall: 'open',
  code: 'ENOENT',
  path: '/home/rudix/Desktop/monext/apps/userz/.dev.vars'
}
---
